<?xml version="1.0" encoding="UTF-8"?>
<!-- Generated by org.testng.reporters.JUnitXMLReporter -->
<testsuite ignored="0" hostname="Balas-MBP" failures="0" tests="2" name="Default test" time="30.873" errors="0" timestamp="2024-03-13T17:59:10 EDT">
  <testcase classname="org.balamuruganacademy.test.android.AndroideCommerce_tc_3" name="FillForm" time="15.487"/>
  <testcase classname="org.balamuruganacademy.test.android.AndroideCommerce_tc_3" name="FillForm" time="7.779"/>
</testsuite> <!-- Default test -->
