<?xml version="1.0" encoding="UTF-8"?>
<!-- Generated by org.testng.reporters.JUnitXMLReporter -->
<testsuite ignored="0" hostname="Balas-MBP" failures="1" tests="2" name="AndroidFrameworkTest1" time="36.675" errors="0" timestamp="2024-03-04T17:44:32 EST">
  <testcase classname="org.balamuruganacademy.test.android.AndroideCommerce_tc_1" name="FillForm_errorvalidation" time="10.423">
    <failure type="java.lang.AssertionError" message="expected [Please your name] but found [Please enter your name]">
      <![CDATA[java.lang.AssertionError: expected [Please your name] but found [Please enter your name]
at org.balamuruganacademy.test.android.AndroideCommerce_tc_1.FillForm_errorvalidation(AndroideCommerce_tc_1.java:47)
at java.base/java.util.ArrayList.forEach(ArrayList.java:1596)
... Removed 31 stack frames]]>
    </failure>
  </testcase> <!-- FillForm_errorvalidation -->
  <testcase classname="org.balamuruganacademy.test.android.AndroideCommerce_tc_1" name="FillForm_positiveflow" time="13.8"/>
</testsuite> <!-- AndroidFrameworkTest1 -->
