<?xml version="1.0" encoding="UTF-8"?>
<!-- Generated by org.testng.reporters.JUnitXMLReporter -->
<testsuite ignored="0" hostname="Balas-MBP" failures="0" tests="1" name="iOSFrameworkTest1" time="2.301" errors="0" timestamp="2024-03-04T16:03:56 EST">
  <testcase classname="org.balamuruganacademy.TestUtils.IOSBaseTest" name="@BeforeClass ConfigureAppium" time="2.286">
    <failure type="org.openqa.selenium.SessionNotCreatedException" message="Could not start a new session. Response code 500. Message: An unknown server-side error occurred while processing the command. Original error: Could not determine iOS SDK version: Command &amp;apos;xcrun --sdk iphonesimulator --show-sdk-version&amp;apos; exited with code 1: xcrun: error: SDK &amp;quot;iphonesimulator&amp;quot; cannot be located
xcrun: error: SDK &amp;quot;iphonesimulator&amp;quot; cannot be located
xcrun: error: unable to lookup item &amp;apos;SDKVersion&amp;apos; in SDK &amp;apos;iphonesimulator&amp;apos;
 
Host info: host: &amp;apos;Balas-MBP&amp;apos;, ip: &amp;apos;2600:1004:a016:b90a:bdaa:3a48:aa89:36bd%en0&amp;apos;
Build info: version: &amp;apos;4.18.1&amp;apos;, revision: &amp;apos;b1d3319b48&amp;apos;
System info: os.name: &amp;apos;Mac OS X&amp;apos;, os.arch: &amp;apos;aarch64&amp;apos;, os.version: &amp;apos;14.2.1&amp;apos;, java.version: &amp;apos;21.0.1&amp;apos;
Driver info: io.appium.java_client.ios.IOSDriver
Command: [null, newSession {desiredCapabilities=Capabilities {appium:app: /Users/balamcpro/eclipse-wo..., appium:automationName: XCuiTest, appium:deviceName: iPhone 15 Pro, appium:platformVersion: 17.2, appium:wdaLaunchTimeout: 20000, platformName: IOS}, capabilities=[{appium:wdaLaunchTimeout=20000, appium:deviceName=iPhone 15 Pro, platformName=IOS, appium:automationName=XCuiTest, appium:app=/Users/balamcpro/eclipse-workspace/AppiumFrameworkDesign001//src//test//java//org//balamuruganacademy//resources//UIKitCatalog.app, appium:platformVersion=17.2}]}]
Capabilities {appium:app: /Users/balamcpro/eclipse-wo..., appium:automationName: XCuiTest, appium:deviceName: iPhone 15 Pro, appium:platformVersion: 17.2, appium:wdaLaunchTimeout: 20000, platformName: IOS}">
      <![CDATA[org.openqa.selenium.SessionNotCreatedException: Could not start a new session. Response code 500. Message: An unknown server-side error occurred while processing the command. Original error: Could not determine iOS SDK version: Command 'xcrun --sdk iphonesimulator --show-sdk-version' exited with code 1: xcrun: error: SDK "iphonesimulator" cannot be located
xcrun: error: SDK "iphonesimulator" cannot be located
xcrun: error: unable to lookup item 'SDKVersion' in SDK 'iphonesimulator'
 
Host info: host: 'Balas-MBP', ip: '2600:1004:a016:b90a:bdaa:3a48:aa89:36bd%en0'
Build info: version: '4.18.1', revision: 'b1d3319b48'
System info: os.name: 'Mac OS X', os.arch: 'aarch64', os.version: '14.2.1', java.version: '21.0.1'
Driver info: io.appium.java_client.ios.IOSDriver
Command: [null, newSession {desiredCapabilities=Capabilities {appium:app: /Users/balamcpro/eclipse-wo..., appium:automationName: XCuiTest, appium:deviceName: iPhone 15 Pro, appium:platformVersion: 17.2, appium:wdaLaunchTimeout: 20000, platformName: IOS}, capabilities=[{appium:wdaLaunchTimeout=20000, appium:deviceName=iPhone 15 Pro, platformName=IOS, appium:automationName=XCuiTest, appium:app=/Users/balamcpro/eclipse-workspace/AppiumFrameworkDesign001//src//test//java//org//balamuruganacademy//resources//UIKitCatalog.app, appium:platformVersion=17.2}]}]
Capabilities {appium:app: /Users/balamcpro/eclipse-wo..., appium:automationName: XCuiTest, appium:deviceName: iPhone 15 Pro, appium:platformVersion: 17.2, appium:wdaLaunchTimeout: 20000, platformName: IOS}
at org.openqa.selenium.remote.ProtocolHandshake.createSession(ProtocolHandshake.java:139)
at io.appium.java_client.remote.AppiumProtocolHandshake.createSession(AppiumProtocolHandshake.java:133)
at io.appium.java_client.remote.AppiumProtocolHandshake.createSession(AppiumProtocolHandshake.java:102)
at io.appium.java_client.remote.AppiumCommandExecutor.createSession(AppiumCommandExecutor.java:176)
at io.appium.java_client.remote.AppiumCommandExecutor.execute(AppiumCommandExecutor.java:237)
at org.openqa.selenium.remote.RemoteWebDriver.execute(RemoteWebDriver.java:519)
at io.appium.java_client.AppiumDriver.startSession(AppiumDriver.java:268)
at org.openqa.selenium.remote.RemoteWebDriver.<init>(RemoteWebDriver.java:162)
at io.appium.java_client.AppiumDriver.<init>(AppiumDriver.java:90)
at io.appium.java_client.AppiumDriver.<init>(AppiumDriver.java:102)
at io.appium.java_client.ios.IOSDriver.<init>(IOSDriver.java:101)
at org.balamuruganacademy.TestUtils.IOSBaseTest.ConfigureAppium(IOSBaseTest.java:65)
at java.base/java.util.ArrayList.forEach(ArrayList.java:1596)
... Removed 25 stack frames]]>
    </failure>
  </testcase> <!-- @BeforeClass ConfigureAppium -->
  <testcase classname="org.balamuruganacademy.TestUtils.IOSBaseTest" name="@AfterClass tearDown" time="0.0">
    <skipped/>
  </testcase> <!-- @AfterClass tearDown -->
  <testcase classname="org.balamuruganacademy.test.ios.IOSBasics" name="IOSBasicsTest" time="0.0">
    <skipped/>
  </testcase> <!-- IOSBasicsTest -->
</testsuite> <!-- iOSFrameworkTest1 -->
