<?xml version="1.0" encoding="UTF-8"?>
<!-- Generated by org.testng.reporters.JUnitXMLReporter -->
<testsuite ignored="0" hostname="Balas-MBP" failures="0" tests="2" name="AndroidFrameworkTest2" time="20.132" errors="0" timestamp="2024-03-04T18:18:20 EST">
  <testcase classname="org.balamuruganacademy.test.android.AndroideCommerce_tc_3" name="FillForm" time="0.0">
    <skipped/>
  </testcase> <!-- FillForm -->
  <testcase classname="org.balamuruganacademy.test.android.AndroideCommerce_tc_3" name="FillForm" time="0.0">
    <skipped/>
  </testcase> <!-- FillForm -->
</testsuite> <!-- AndroidFrameworkTest2 -->
