<?xml version="1.0" encoding="UTF-8"?>
<!-- Generated by org.testng.reporters.JUnitXMLReporter -->
<testsuite ignored="2" hostname="Balas-MBP" failures="0" tests="0" time="0.003" errors="0" timestamp="2024-03-04T18:17:59 EST">
  <testcase classname="org.balamuruganacademy.test.android.AndroideCommerce_tc_1" name="FillForm_positiveflow" time="0.0">
    <ignored/>
  </testcase> <!-- FillForm_positiveflow -->
  <testcase classname="org.balamuruganacademy.test.android.AndroideCommerce_tc_1" name="FillForm_errorvalidation" time="0.0">
    <ignored/>
  </testcase> <!-- FillForm_errorvalidation -->
</testsuite>
