<?xml version="1.0" encoding="UTF-8"?>
<testsuite xmlns:xsi="http://www.w3.org/2001/XMLSchema-instance" xsi:noNamespaceSchemaLocation="https://maven.apache.org/surefire/maven-surefire-plugin/xsd/surefire-test-report-3.0.xsd" version="3.0" name="TestSuite" time="20.587" tests="5" errors="0" skipped="2" failures="3">
  <properties>
[...]
</properties>
  <testcase name="ConfigureAppium" classname="org.balamuruganacademy.test.android.AndroideCommerce_tc_3" time="20.442">
    <failure message="The local appium server has not been started&#10;Reason: Timed out waiting for [http://232.42.322:4723/status] to be available after 20006 ms&#10;Consider increasing the server startup timeout value (currently 20000ms)&#10;Node.js executable path: /usr/local/bin/node&#10;Arguments: [/usr/local/lib/node_modules/appium/build/lib/main.js, --port, 4723, --address, 232.42.322]&#10;Output: &amp;#27;[35m[Appium]&amp;#27;[39m Welcome to Appium v2.4.1&#10;&amp;#27;[35m[Appium]&amp;#27;[39m Non-default server args:&#10;&amp;#27;[35m[Appium]&amp;#27;[39m { address: &amp;#27;[32m&apos;232.42.322&apos;&amp;#27;[39m }&#10;&amp;#27;[35m[Appium]&amp;#27;[39m The autodetected Appium home path: /Users/balamcpro/.appium&#10;&amp;#27;[35m[Appium]&amp;#27;[39m Attempting to load driver uiautomator2...&#10;&amp;#27;[35m[Appium]&amp;#27;[39m Attempting to load driver gecko...&#10;&amp;#27;[35m[Appium]&amp;#27;[39m Attempting to load driver xcuitest...&#10;&amp;#27;[35m[Appium]&amp;#27;[39m Requiring driver at /Users/balamcpro/.appium/node_modules/appium-uiautomator2-driver/build/index.js&#10;&amp;#27;[35m[Appium]&amp;#27;[39m Requiring driver at /Users/balamcpro/.appium/node_modules/appium-xcuitest-driver/build/index.js&#10;&amp;#27;[35m[Appium]&amp;#27;[39m Requiring driver at /Users/balamcpro/.appium/node_modules/appium-geckodriver/build/index.js&#10;&amp;#27;[35m[Appium]&amp;#27;[39m AndroidUiautomator2Driver has been successfully loaded in 0.824s&#10;&amp;#27;[35m[Appium]&amp;#27;[39m GeckoDriver has been successfully loaded in 0.824s&#10;&amp;#27;[35m[Appium]&amp;#27;[39m XCUITestDriver has been successfully loaded in 0.824s&#10;&amp;#27;[38;5;0m[HTTP]&amp;#27;[0m Could not start REST http interface listener. The requested port may already be in use. Please make sure there is no other instance of this server running already.&#10;&amp;#27;[35m[Appium]&amp;#27;[39m Could not configure Appium server. It&apos;s possible that a driver or plugin tried to update the server and failed. Original error: listen EINVAL: invalid argument 232.42.1.66:4723&#10;&amp;#27;[35m[Appium]&amp;#27;[39m Error: listen EINVAL: invalid argument 232.42.1.66:4723&#10;&amp;#27;[35m[Appium]&amp;#27;[39m     at Server.setupListenHandle [as _listen2] (node:net:1855:21)&#10;&amp;#27;[35m[Appium]&amp;#27;[39m     at listenInCluster (node:net:1920:12)&#10;&amp;#27;[35m[Appium]&amp;#27;[39m     at GetAddrInfoReqWrap.doListen (node:net:2069:7)&#10;&amp;#27;[35m[Appium]&amp;#27;[39m     at GetAddrInfoReqWrap.onlookup [as oncomplete] (node:dns:109:8)&#10;" type="io.appium.java_client.service.local.AppiumServerHasNotBeenStartedLocallyException"><![CDATA[io.appium.java_client.service.local.AppiumServerHasNotBeenStartedLocallyException: 
The local appium server has not been started
Reason: Timed out waiting for [http://232.42.322:4723/status] to be available after 20006 ms
Consider increasing the server startup timeout value (currently 20000ms)
Node.js executable path: /usr/local/bin/node
Arguments: [/usr/local/lib/node_modules/appium/build/lib/main.js, --port, 4723, --address, 232.42.322]
Output: &amp#27;[35m[Appium]&amp#27;[39m Welcome to Appium v2.4.1
&amp#27;[35m[Appium]&amp#27;[39m Non-default server args:
&amp#27;[35m[Appium]&amp#27;[39m { address: &amp#27;[32m'232.42.322'&amp#27;[39m }
&amp#27;[35m[Appium]&amp#27;[39m The autodetected Appium home path: /Users/balamcpro/.appium
&amp#27;[35m[Appium]&amp#27;[39m Attempting to load driver uiautomator2...
&amp#27;[35m[Appium]&amp#27;[39m Attempting to load driver gecko...
&amp#27;[35m[Appium]&amp#27;[39m Attempting to load driver xcuitest...
&amp#27;[35m[Appium]&amp#27;[39m Requiring driver at /Users/balamcpro/.appium/node_modules/appium-uiautomator2-driver/build/index.js
&amp#27;[35m[Appium]&amp#27;[39m Requiring driver at /Users/balamcpro/.appium/node_modules/appium-xcuitest-driver/build/index.js
&amp#27;[35m[Appium]&amp#27;[39m Requiring driver at /Users/balamcpro/.appium/node_modules/appium-geckodriver/build/index.js
&amp#27;[35m[Appium]&amp#27;[39m AndroidUiautomator2Driver has been successfully loaded in 0.824s
&amp#27;[35m[Appium]&amp#27;[39m GeckoDriver has been successfully loaded in 0.824s
&amp#27;[35m[Appium]&amp#27;[39m XCUITestDriver has been successfully loaded in 0.824s
&amp#27;[38;5;0m[HTTP]&amp#27;[0m Could not start REST http interface listener. The requested port may already be in use. Please make sure there is no other instance of this server running already.
&amp#27;[35m[Appium]&amp#27;[39m Could not configure Appium server. It's possible that a driver or plugin tried to update the server and failed. Original error: listen EINVAL: invalid argument 232.42.1.66:4723
&amp#27;[35m[Appium]&amp#27;[39m Error: listen EINVAL: invalid argument 232.42.1.66:4723
&amp#27;[35m[Appium]&amp#27;[39m     at Server.setupListenHandle [as _listen2] (node:net:1855:21)
&amp#27;[35m[Appium]&amp#27;[39m     at listenInCluster (node:net:1920:12)
&amp#27;[35m[Appium]&amp#27;[39m     at GetAddrInfoReqWrap.doListen (node:net:2069:7)
&amp#27;[35m[Appium]&amp#27;[39m     at GetAddrInfoReqWrap.onlookup [as oncomplete] (node:dns:109:8)

	at io.appium.java_client.service.local.AppiumDriverLocalService.start(AppiumDriverLocalService.java:201)
	at org.balamuruganacademy.utils.AppiumUtils.startAppiumServer(AppiumUtils.java:46)
	at org.balamuruganacademy.TestUtils.AndroidBaseTest.ConfigureAppium(AndroidBaseTest.java:54)
	at java.base/jdk.internal.reflect.DirectMethodHandleAccessor.invoke(DirectMethodHandleAccessor.java:103)
	at java.base/java.lang.reflect.Method.invoke(Method.java:580)
	at org.testng.internal.invokers.MethodInvocationHelper.invokeMethod(MethodInvocationHelper.java:139)
	at org.testng.internal.invokers.MethodInvocationHelper.invokeMethodConsideringTimeout(MethodInvocationHelper.java:69)
	at org.testng.internal.invokers.ConfigInvoker.invokeConfigurationMethod(ConfigInvoker.java:393)
	at org.testng.internal.invokers.ConfigInvoker.invokeConfigurations(ConfigInvoker.java:326)
	at org.testng.internal.invokers.TestMethodWorker.invokeBeforeClassMethods(TestMethodWorker.java:180)
	at org.testng.internal.invokers.TestMethodWorker.run(TestMethodWorker.java:122)
	at java.base/java.util.ArrayList.forEach(ArrayList.java:1596)
	at org.testng.TestRunner.privateRun(TestRunner.java:819)
	at org.testng.TestRunner.run(TestRunner.java:619)
	at org.testng.SuiteRunner.runTest(SuiteRunner.java:443)
	at org.testng.SuiteRunner.runSequentially(SuiteRunner.java:437)
	at org.testng.SuiteRunner.privateRun(SuiteRunner.java:397)
	at org.testng.SuiteRunner.run(SuiteRunner.java:336)
	at org.testng.SuiteRunnerWorker.runSuite(SuiteRunnerWorker.java:52)
	at org.testng.SuiteRunnerWorker.run(SuiteRunnerWorker.java:95)
	at org.testng.TestNG.runSuitesSequentially(TestNG.java:1301)
	at org.testng.TestNG.runSuitesLocally(TestNG.java:1228)
	at org.testng.TestNG.runSuites(TestNG.java:1134)
	at org.testng.TestNG.run(TestNG.java:1101)
	at org.apache.maven.surefire.testng.TestNGExecutor.run(TestNGExecutor.java:308)
	at org.apache.maven.surefire.testng.TestNGXmlTestSuite.execute(TestNGXmlTestSuite.java:71)
	at org.apache.maven.surefire.testng.TestNGProvider.invoke(TestNGProvider.java:113)
	at org.apache.maven.surefire.booter.ForkedBooter.runSuitesInProcess(ForkedBooter.java:385)
	at org.apache.maven.surefire.booter.ForkedBooter.execute(ForkedBooter.java:162)
	at org.apache.maven.surefire.booter.ForkedBooter.run(ForkedBooter.java:507)
	at org.apache.maven.surefire.booter.ForkedBooter.main(ForkedBooter.java:495)
Caused by: org.openqa.selenium.net.UrlChecker$TimeoutException: Timed out waiting for [http://232.42.322:4723/status] to be available after 20006 ms
	at org.openqa.selenium.net.UrlChecker.waitUntilAvailable(UrlChecker.java:94)
	at io.appium.java_client.service.local.AppiumDriverLocalService.ping(AppiumDriverLocalService.java:157)
	at io.appium.java_client.service.local.AppiumDriverLocalService.start(AppiumDriverLocalService.java:180)
	... 30 more
Caused by: java.util.concurrent.TimeoutException
	at java.base/java.util.concurrent.FutureTask.get(FutureTask.java:204)
	at org.openqa.selenium.net.UrlChecker.waitUntilAvailable(UrlChecker.java:91)
	... 32 more
]]></failure>
    <system-out><![CDATA[&amp#27;[35m[Appium]&amp#27;[39m Welcome to Appium v2.4.1
&amp#27;[35m[Appium]&amp#27;[39m Non-default server args:
&amp#27;[35m[Appium]&amp#27;[39m { address: &amp#27;[32m'232.42.322'&amp#27;[39m }
&amp#27;[35m[Appium]&amp#27;[39m The autodetected Appium home path: /Users/balamcpro/.appium
&amp#27;[35m[Appium]&amp#27;[39m Attempting to load driver uiautomator2...
&amp#27;[35m[Appium]&amp#27;[39m Attempting to load driver gecko...
&amp#27;[35m[Appium]&amp#27;[39m Attempting to load driver xcuitest...
&amp#27;[35m[Appium]&amp#27;[39m Requiring driver at /Users/balamcpro/.appium/node_modules/appium-uiautomator2-driver/build/index.js
&amp#27;[35m[Appium]&amp#27;[39m Requiring driver at /Users/balamcpro/.appium/node_modules/appium-xcuitest-driver/build/index.js
&amp#27;[35m[Appium]&amp#27;[39m Requiring driver at /Users/balamcpro/.appium/node_modules/appium-geckodriver/build/index.js
&amp#27;[35m[Appium]&amp#27;[39m AndroidUiautomator2Driver has been successfully loaded in 0.824s
&amp#27;[35m[Appium]&amp#27;[39m GeckoDriver has been successfully loaded in 0.824s
&amp#27;[35m[Appium]&amp#27;[39m XCUITestDriver has been successfully loaded in 0.824s
&amp#27;[38;5;0m[HTTP]&amp#27;[0m Could not start REST http interface listener. The requested port may already be in use. Please make sure there is no other instance of this server running already.
&amp#27;[35m[Appium]&amp#27;[39m Could not configure Appium server. It's possible that a driver or plugin tried to update the server and failed. Original error: listen EINVAL: invalid argument 232.42.1.66:4723
&amp#27;[35m[Appium]&amp#27;[39m Error: listen EINVAL: invalid argument 232.42.1.66:4723
&amp#27;[35m[Appium]&amp#27;[39m     at Server.setupListenHandle [as _listen2] (node:net:1855:21)
&amp#27;[35m[Appium]&amp#27;[39m     at listenInCluster (node:net:1920:12)
&amp#27;[35m[Appium]&amp#27;[39m     at GetAddrInfoReqWrap.doListen (node:net:2069:7)
&amp#27;[35m[Appium]&amp#27;[39m     at GetAddrInfoReqWrap.onlookup [as oncomplete] (node:dns:109:8)
]]></system-out>
    <system-err><![CDATA[SLF4J: Failed to load class "org.slf4j.impl.StaticLoggerBinder".
SLF4J: Defaulting to no-operation (NOP) logger implementation
SLF4J: See http://www.slf4j.org/codes.html#StaticLoggerBinder for further details.
]]></system-err>
  </testcase>
  <testcase name="presetup" classname="org.balamuruganacademy.test.android.AndroideCommerce_tc_3" time="20.515">
    <failure message="Cannot invoke &quot;org.balamuruganacademy.pageObjects.android.FormPage.preLoadFormPage()&quot; because &quot;this.formPage&quot; is null" type="java.lang.NullPointerException"><![CDATA[java.lang.NullPointerException: Cannot invoke "org.balamuruganacademy.pageObjects.android.FormPage.preLoadFormPage()" because "this.formPage" is null
	at org.balamuruganacademy.test.android.AndroideCommerce_tc_3.presetup(AndroideCommerce_tc_3.java:71)
	at java.base/jdk.internal.reflect.DirectMethodHandleAccessor.invoke(DirectMethodHandleAccessor.java:103)
	at java.base/java.lang.reflect.Method.invoke(Method.java:580)
	at org.testng.internal.invokers.MethodInvocationHelper.invokeMethod(MethodInvocationHelper.java:139)
	at org.testng.internal.invokers.MethodInvocationHelper.invokeMethodConsideringTimeout(MethodInvocationHelper.java:69)
	at org.testng.internal.invokers.ConfigInvoker.invokeConfigurationMethod(ConfigInvoker.java:393)
	at org.testng.internal.invokers.ConfigInvoker.invokeConfigurations(ConfigInvoker.java:326)
	at org.testng.internal.invokers.TestInvoker.runConfigMethods(TestInvoker.java:810)
	at org.testng.internal.invokers.TestInvoker.invokeMethod(TestInvoker.java:578)
	at org.testng.internal.invokers.TestInvoker.invokeTestMethod(TestInvoker.java:228)
	at org.testng.internal.invokers.MethodRunner.runInSequence(MethodRunner.java:63)
	at org.testng.internal.invokers.TestInvoker$MethodInvocationAgent.invoke(TestInvoker.java:961)
	at org.testng.internal.invokers.TestInvoker.invokeTestMethods(TestInvoker.java:201)
	at org.testng.internal.invokers.TestMethodWorker.invokeTestMethods(TestMethodWorker.java:148)
	at org.testng.internal.invokers.TestMethodWorker.run(TestMethodWorker.java:128)
	at java.base/java.util.ArrayList.forEach(ArrayList.java:1596)
	at org.testng.TestRunner.privateRun(TestRunner.java:819)
	at org.testng.TestRunner.run(TestRunner.java:619)
	at org.testng.SuiteRunner.runTest(SuiteRunner.java:443)
	at org.testng.SuiteRunner.runSequentially(SuiteRunner.java:437)
	at org.testng.SuiteRunner.privateRun(SuiteRunner.java:397)
	at org.testng.SuiteRunner.run(SuiteRunner.java:336)
	at org.testng.SuiteRunnerWorker.runSuite(SuiteRunnerWorker.java:52)
	at org.testng.SuiteRunnerWorker.run(SuiteRunnerWorker.java:95)
	at org.testng.TestNG.runSuitesSequentially(TestNG.java:1301)
	at org.testng.TestNG.runSuitesLocally(TestNG.java:1228)
	at org.testng.TestNG.runSuites(TestNG.java:1134)
	at org.testng.TestNG.run(TestNG.java:1101)
	at org.apache.maven.surefire.testng.TestNGExecutor.run(TestNGExecutor.java:308)
	at org.apache.maven.surefire.testng.TestNGXmlTestSuite.execute(TestNGXmlTestSuite.java:71)
	at org.apache.maven.surefire.testng.TestNGProvider.invoke(TestNGProvider.java:113)
	at org.apache.maven.surefire.booter.ForkedBooter.runSuitesInProcess(ForkedBooter.java:385)
	at org.apache.maven.surefire.booter.ForkedBooter.execute(ForkedBooter.java:162)
	at org.apache.maven.surefire.booter.ForkedBooter.run(ForkedBooter.java:507)
	at org.apache.maven.surefire.booter.ForkedBooter.main(ForkedBooter.java:495)
]]></failure>
  </testcase>
  <testcase name="presetup" classname="org.balamuruganacademy.test.android.AndroideCommerce_tc_3" time="0.002">
    <failure message="Cannot invoke &quot;org.balamuruganacademy.pageObjects.android.FormPage.preLoadFormPage()&quot; because &quot;this.formPage&quot; is null" type="java.lang.NullPointerException"><![CDATA[java.lang.NullPointerException: Cannot invoke "org.balamuruganacademy.pageObjects.android.FormPage.preLoadFormPage()" because "this.formPage" is null
	at org.balamuruganacademy.test.android.AndroideCommerce_tc_3.presetup(AndroideCommerce_tc_3.java:71)
	at java.base/jdk.internal.reflect.DirectMethodHandleAccessor.invoke(DirectMethodHandleAccessor.java:103)
	at java.base/java.lang.reflect.Method.invoke(Method.java:580)
	at org.testng.internal.invokers.MethodInvocationHelper.invokeMethod(MethodInvocationHelper.java:139)
	at org.testng.internal.invokers.MethodInvocationHelper.invokeMethodConsideringTimeout(MethodInvocationHelper.java:69)
	at org.testng.internal.invokers.ConfigInvoker.invokeConfigurationMethod(ConfigInvoker.java:393)
	at org.testng.internal.invokers.ConfigInvoker.invokeConfigurations(ConfigInvoker.java:326)
	at org.testng.internal.invokers.TestInvoker.runConfigMethods(TestInvoker.java:810)
	at org.testng.internal.invokers.TestInvoker.invokeMethod(TestInvoker.java:578)
	at org.testng.internal.invokers.TestInvoker.invokeTestMethod(TestInvoker.java:228)
	at org.testng.internal.invokers.MethodRunner.runInSequence(MethodRunner.java:63)
	at org.testng.internal.invokers.TestInvoker$MethodInvocationAgent.invoke(TestInvoker.java:961)
	at org.testng.internal.invokers.TestInvoker.invokeTestMethods(TestInvoker.java:201)
	at org.testng.internal.invokers.TestMethodWorker.invokeTestMethods(TestMethodWorker.java:148)
	at org.testng.internal.invokers.TestMethodWorker.run(TestMethodWorker.java:128)
	at java.base/java.util.ArrayList.forEach(ArrayList.java:1596)
	at org.testng.TestRunner.privateRun(TestRunner.java:819)
	at org.testng.TestRunner.run(TestRunner.java:619)
	at org.testng.SuiteRunner.runTest(SuiteRunner.java:443)
	at org.testng.SuiteRunner.runSequentially(SuiteRunner.java:437)
	at org.testng.SuiteRunner.privateRun(SuiteRunner.java:397)
	at org.testng.SuiteRunner.run(SuiteRunner.java:336)
	at org.testng.SuiteRunnerWorker.runSuite(SuiteRunnerWorker.java:52)
	at org.testng.SuiteRunnerWorker.run(SuiteRunnerWorker.java:95)
	at org.testng.TestNG.runSuitesSequentially(TestNG.java:1301)
	at org.testng.TestNG.runSuitesLocally(TestNG.java:1228)
	at org.testng.TestNG.runSuites(TestNG.java:1134)
	at org.testng.TestNG.run(TestNG.java:1101)
	at org.apache.maven.surefire.testng.TestNGExecutor.run(TestNGExecutor.java:308)
	at org.apache.maven.surefire.testng.TestNGXmlTestSuite.execute(TestNGXmlTestSuite.java:71)
	at org.apache.maven.surefire.testng.TestNGProvider.invoke(TestNGProvider.java:113)
	at org.apache.maven.surefire.booter.ForkedBooter.runSuitesInProcess(ForkedBooter.java:385)
	at org.apache.maven.surefire.booter.ForkedBooter.execute(ForkedBooter.java:162)
	at org.apache.maven.surefire.booter.ForkedBooter.run(ForkedBooter.java:507)
	at org.apache.maven.surefire.booter.ForkedBooter.main(ForkedBooter.java:495)
]]></failure>
  </testcase>
  <testcase name="FillForm[{gender=Male, name=Balamurugan, country=Argentina}](1)" classname="org.balamuruganacademy.test.android.AndroideCommerce_tc_3" time="0.0">
    <skipped message="The local appium server has not been started&#10;Reason: Timed out waiting for [http://232.42.322:4723/status] to be available after 20006 ms&#10;Consider increasing the server startup timeout value (currently 20000ms)&#10;Node.js executable path: /usr/local/bin/node&#10;Arguments: [/usr/local/lib/node_modules/appium/build/lib/main.js, --port, 4723, --address, 232.42.322]&#10;Output: &amp;#27;[35m[Appium]&amp;#27;[39m Welcome to Appium v2.4.1&#10;&amp;#27;[35m[Appium]&amp;#27;[39m Non-default server args:&#10;&amp;#27;[35m[Appium]&amp;#27;[39m { address: &amp;#27;[32m&apos;232.42.322&apos;&amp;#27;[39m }&#10;&amp;#27;[35m[Appium]&amp;#27;[39m The autodetected Appium home path: /Users/balamcpro/.appium&#10;&amp;#27;[35m[Appium]&amp;#27;[39m Attempting to load driver uiautomator2...&#10;&amp;#27;[35m[Appium]&amp;#27;[39m Attempting to load driver gecko...&#10;&amp;#27;[35m[Appium]&amp;#27;[39m Attempting to load driver xcuitest...&#10;&amp;#27;[35m[Appium]&amp;#27;[39m Requiring driver at /Users/balamcpro/.appium/node_modules/appium-uiautomator2-driver/build/index.js&#10;&amp;#27;[35m[Appium]&amp;#27;[39m Requiring driver at /Users/balamcpro/.appium/node_modules/appium-xcuitest-driver/build/index.js&#10;&amp;#27;[35m[Appium]&amp;#27;[39m Requiring driver at /Users/balamcpro/.appium/node_modules/appium-geckodriver/build/index.js&#10;&amp;#27;[35m[Appium]&amp;#27;[39m AndroidUiautomator2Driver has been successfully loaded in 0.824s&#10;&amp;#27;[35m[Appium]&amp;#27;[39m GeckoDriver has been successfully loaded in 0.824s&#10;&amp;#27;[35m[Appium]&amp;#27;[39m XCUITestDriver has been successfully loaded in 0.824s&#10;&amp;#27;[38;5;0m[HTTP]&amp;#27;[0m Could not start REST http interface listener. The requested port may already be in use. Please make sure there is no other instance of this server running already.&#10;&amp;#27;[35m[Appium]&amp;#27;[39m Could not configure Appium server. It&apos;s possible that a driver or plugin tried to update the server and failed. Original error: listen EINVAL: invalid argument 232.42.1.66:4723&#10;&amp;#27;[35m[Appium]&amp;#27;[39m Error: listen EINVAL: invalid argument 232.42.1.66:4723&#10;&amp;#27;[35m[Appium]&amp;#27;[39m     at Server.setupListenHandle [as _listen2] (node:net:1855:21)&#10;&amp;#27;[35m[Appium]&amp;#27;[39m     at listenInCluster (node:net:1920:12)&#10;&amp;#27;[35m[Appium]&amp;#27;[39m     at GetAddrInfoReqWrap.doListen (node:net:2069:7)&#10;&amp;#27;[35m[Appium]&amp;#27;[39m     at GetAddrInfoReqWrap.onlookup [as oncomplete] (node:dns:109:8)&#10;"/>
  </testcase>
  <testcase name="FillForm[{gender=female, name=test, country=Australia}](2)" classname="org.balamuruganacademy.test.android.AndroideCommerce_tc_3" time="0.0">
    <skipped message="Cannot invoke &quot;org.balamuruganacademy.pageObjects.android.FormPage.preLoadFormPage()&quot; because &quot;this.formPage&quot; is null"/>
  </testcase>
</testsuite>