<?xml version="1.0" encoding="UTF-8"?>
<testng-results ignored="0" total="2" passed="2" failed="0" skipped="0">
  <reporter-output>
  </reporter-output>
  <suite started-at="2024-03-13T17:58:39 EDT" name="Default suite" finished-at="2024-03-13T17:59:09 EDT" duration-ms="30873">
    <groups>
      <group name="Smoke">
        <method signature="AndroideCommerce_tc_3.FillForm(java.util.HashMap)[pri:0, instance:org.balamuruganacademy.test.android.AndroideCommerce_tc_3@40ef3420]" name="FillForm" class="org.balamuruganacademy.test.android.AndroideCommerce_tc_3"/>
      </group> <!-- Smoke -->
    </groups>
    <test started-at="2024-03-13T17:58:39 EDT" name="Default test" finished-at="2024-03-13T17:59:09 EDT" duration-ms="30873">
      <class name="org.balamuruganacademy.test.android.AndroideCommerce_tc_3">
        <test-method is-config="true" signature="ConfigureAppium()[pri:0, instance:org.balamuruganacademy.test.android.AndroideCommerce_tc_3@40ef3420]" started-at="2024-03-13T17:58:39 EDT" name="ConfigureAppium" finished-at="2024-03-13T17:58:45 EDT" duration-ms="6871" status="PASS">
          <reporter-output>
          </reporter-output>
        </test-method> <!-- ConfigureAppium -->
        <test-method is-config="true" signature="presetup()[pri:0, instance:org.balamuruganacademy.test.android.AndroideCommerce_tc_3@40ef3420]" started-at="2024-03-13T17:58:46 EDT" name="presetup" finished-at="2024-03-13T17:58:46 EDT" duration-ms="52" status="PASS">
          <reporter-output>
          </reporter-output>
        </test-method> <!-- presetup -->
        <test-method signature="FillForm(java.util.HashMap)[pri:0, instance:org.balamuruganacademy.test.android.AndroideCommerce_tc_3@40ef3420]" started-at="2024-03-13T17:58:46 EDT" name="FillForm" data-provider="getData" finished-at="2024-03-13T17:59:01 EDT" duration-ms="15487" status="PASS">
          <params>
            <param index="0">
              <value>
                <![CDATA[{gender=Male, name=Balamurugan, country=Argentina}]]>
              </value>
            </param>
          </params>
          <reporter-output>
          </reporter-output>
        </test-method> <!-- FillForm -->
        <test-method is-config="true" signature="presetup()[pri:0, instance:org.balamuruganacademy.test.android.AndroideCommerce_tc_3@40ef3420]" started-at="2024-03-13T17:59:01 EDT" name="presetup" finished-at="2024-03-13T17:59:01 EDT" duration-ms="76" status="PASS">
          <reporter-output>
          </reporter-output>
        </test-method> <!-- presetup -->
        <test-method signature="FillForm(java.util.HashMap)[pri:0, instance:org.balamuruganacademy.test.android.AndroideCommerce_tc_3@40ef3420]" started-at="2024-03-13T17:59:01 EDT" name="FillForm" data-provider="getData" finished-at="2024-03-13T17:59:09 EDT" duration-ms="7779" status="PASS">
          <params>
            <param index="0">
              <value>
                <![CDATA[{gender=female, name=test, country=Australia}]]>
              </value>
            </param>
          </params>
          <reporter-output>
          </reporter-output>
        </test-method> <!-- FillForm -->
        <test-method is-config="true" signature="tearDown()[pri:0, instance:org.balamuruganacademy.test.android.AndroideCommerce_tc_3@40ef3420]" started-at="2024-03-13T17:59:09 EDT" name="tearDown" finished-at="2024-03-13T17:59:09 EDT" duration-ms="489" status="PASS">
          <reporter-output>
          </reporter-output>
        </test-method> <!-- tearDown -->
      </class> <!-- org.balamuruganacademy.test.android.AndroideCommerce_tc_3 -->
    </test> <!-- Default test -->
  </suite> <!-- Default suite -->
</testng-results>
